<?xml version="1.0" encoding="utf-8" standalone="no"?>
<!--This file represents the results of running a test suite-->
<test-results name="C:\Users\john.dodson\Documents\GitHub\API\APITest.nunit" total="1" errors="0" failures="1" not-run="0" inconclusive="0" ignored="0" skipped="0" invalid="0" date="2014-04-04" time="17:12:02">
  <environment nunit-version="2.6.3.13283" clr-version="2.0.50727.5466" os-version="Microsoft Windows NT 6.1.7601 Service Pack 1" platform="Win32NT" cwd="C:\Program Files (x86)\NUnit 2.6.3\bin" machine-name="NYJDODSON2" user="john.dodson" user-domain="NA" />
  <culture-info current-culture="en-US" current-uiculture="en-US" />
  <test-suite type="Project" name="C:\Users\john.dodson\Documents\GitHub\API\APITest.nunit" executed="True" result="Failure" success="False" time="0.003" asserts="0">
    <results>
      <test-suite type="Assembly" name="C:\Users\john.dodson\Documents\GitHub\API\API-Test\bin\Release\API-Test.dll" executed="True" result="Failure" success="False" time="0.003" asserts="0">
        <results>
          <test-suite type="Namespace" name="APITest" executed="True" result="Failure" success="False" time="0.002" asserts="0">
            <results>
              <test-suite type="TestFixture" name="TerminalTest" executed="True" result="Failure" success="False" time="0.002" asserts="0">
                <results>
                  <test-case name="APITest.TerminalTest.CalculateTotalTest2" executed="True" result="Failure" success="False" time="0.001" asserts="1">
                    <failure>
                      <message><![CDATA[  Expected: 1.25d
  But was:  7.25d
]]></message>
                      <stack-trace><![CDATA[at APITest.TerminalTest.CalculateTotalTest2() in C:\Users\john.dodson\Documents\GitHub\API\API-Test\TerminalTest.cs:line 154
]]></stack-trace>
                    </failure>
                  </test-case>
                </results>
              </test-suite>
            </results>
          </test-suite>
        </results>
      </test-suite>
    </results>
  </test-suite>
</test-results>